Using pre-set license
Built from '2020.3/release' branch; Version is '2020.3.1f1 (77a89f25062f) revision 7841951'; Using compiler version '192528614'; Build Type 'Release'
OS: 'Windows 10 Home; OS build 19042.928; Version 2009; 64bit' Language: 'en' Physical Memory: 16253 MB
BatchMode: 1, IsHumanControllingUs: 0, StartBugReporterOnCrash: 0, Is64bit: 1, IsPro: 0

 COMMAND LINE ARGUMENTS:
D:\Unity\2020.3.1f1\Editor\Unity.exe
-adb2
-batchMode
-noUpm
-name
AssetImportWorker0
-projectPath
D:/CapstoneUnity/UnityUI
-logFile
Logs/AssetImportWorker0.log
-srvPort
62288
Successfully changed project path to: D:/CapstoneUnity/UnityUI
D:/CapstoneUnity/UnityUI
Using Asset Import Pipeline V2.
Refreshing native plugins compatible for Editor in 34.84 ms, found 0 plugins.
Preloading 0 native plugins for Editor in 0.00 ms.
Initialize engine version: 2020.3.1f1 (77a89f25062f)
[Subsystems] Discovering subsystems at path D:/Unity/2020.3.1f1/Editor/Data/Resources/UnitySubsystems
[Subsystems] Discovering subsystems at path D:/CapstoneUnity/UnityUI/Assets
GfxDevice: creating device client; threaded=0
Direct3D:
    Version:  Direct3D 11.0 [level 11.1]
    Renderer: NVIDIA GeForce GTX 1070 (ID=0x1be1)
    Vendor:   
    VRAM:     8082 MB
    Driver:   27.21.14.6140
Initialize mono
Mono path[0] = 'D:/Unity/2020.3.1f1/Editor/Data/Managed'
Mono path[1] = 'D:/Unity/2020.3.1f1/Editor/Data/MonoBleedingEdge/lib/mono/unityjit'
Mono config path = 'D:/Unity/2020.3.1f1/Editor/Data/MonoBleedingEdge/etc'
Using monoOptions --debugger-agent=transport=dt_socket,embedding=1,server=y,suspend=n,address=127.0.0.1:56408
Begin MonoManager ReloadAssembly
Registering precompiled unity dll's ...
Register platform support module: D:/Unity/2020.3.1f1/Editor/Data/PlaybackEngines/WindowsStandaloneSupport/UnityEditor.WindowsStandalone.Extensions.dll
Registered in 0.001820 seconds.
Native extension for WindowsStandalone target not found
Refreshing native plugins compatible for Editor in 30.45 ms, found 0 plugins.
Preloading 0 native plugins for Editor in 0.00 ms.
Invoked RoslynAnalysisRunner static constructor.
RoslynAnalysisRunner will not be running.
RoslynAnalysisRunner has terminated.
Mono: successfully reloaded assembly
- Completed reload, in  3.013 seconds
Platform modules already initialized, skipping
Registering precompiled user dll's ...
Registered in 0.001111 seconds.
Begin MonoManager ReloadAssembly
Native extension for WindowsStandalone target not found
Refreshing native plugins compatible for Editor in 0.33 ms, found 0 plugins.
Preloading 0 native plugins for Editor in 0.00 ms.
Invoked RoslynAnalysisRunner static constructor.
RoslynAnalysisRunner will not be running.
RoslynAnalysisRunner has terminated.
Mono: successfully reloaded assembly
- Completed reload, in  1.003 seconds
Platform modules already initialized, skipping
========================================================================
Worker process is ready to serve import requests
Launched and connected shader compiler UnityShaderCompiler.exe after 0.08 seconds
Refreshing native plugins compatible for Editor in 0.26 ms, found 0 plugins.
Preloading 0 native plugins for Editor in 0.00 ms.
Unloading 1442 Unused Serialized files (Serialized files now loaded: 0)
System memory in use before: 66.8 MB.
System memory in use after: 66.9 MB.

Unloading 12 unused Assets to reduce memory usage. Loaded Objects now: 1884.
Total: 2.194200 ms (FindLiveObjects: 0.351400 ms CreateObjectMapping: 0.170300 ms MarkObjects: 1.550300 ms  DeleteObjects: 0.120900 ms)

========================================================================
Received Import Request.
  path: Assets/refImages/lpublock38-1.jpg
  artifactKey: Guid(ba4153417cfc75a46959c1a63ddb618a) Importer(815301076,1909f56bfc062723c751e8b465ee728b)
Start importing Assets/refImages/lpublock38-1.jpg using Guid(ba4153417cfc75a46959c1a63ddb618a) Importer(815301076,1909f56bfc062723c751e8b465ee728b)  -> (artifact id: '6d6973ce880d1847b187137ba746a8a8') in 0.191229 seconds
  Import took 0.213466 seconds .

========================================================================
Received Import Request.
  Time since last request: 0.000469 seconds.
  path: Assets/refImages/lpudsa1.jpg
  artifactKey: Guid(2f8ef5876024cc74bbd5ba35e5a7a9d4) Importer(815301076,1909f56bfc062723c751e8b465ee728b)
Start importing Assets/refImages/lpudsa1.jpg using Guid(2f8ef5876024cc74bbd5ba35e5a7a9d4) Importer(815301076,1909f56bfc062723c751e8b465ee728b)  -> (artifact id: 'd843ed8691a2776abff1bccbb28f9a28') in 0.028846 seconds
  Import took 0.046125 seconds .

========================================================================
Received Import Request.
  Time since last request: 0.000389 seconds.
  path: Assets/refImages/lpuunimall1.jpg
  artifactKey: Guid(461c40d8eb503ab4dbdbbe95463fe8a3) Importer(815301076,1909f56bfc062723c751e8b465ee728b)
Start importing Assets/refImages/lpuunimall1.jpg using Guid(461c40d8eb503ab4dbdbbe95463fe8a3) Importer(815301076,1909f56bfc062723c751e8b465ee728b)  -> (artifact id: 'd3680fbb84661a904213c69171274f0d') in 0.025581 seconds
  Import took 0.036921 seconds .

========================================================================
Received Import Request.
  Time since last request: 9.698163 seconds.
  path: Assets/XR
  artifactKey: Guid(0fd2bb30089276a458bc307ded7103f9) Importer(815301076,1909f56bfc062723c751e8b465ee728b)
Start importing Assets/XR using Guid(0fd2bb30089276a458bc307ded7103f9) Importer(815301076,1909f56bfc062723c751e8b465ee728b)  -> (artifact id: 'c64d8442bc58754696c12f777f1b52b2') in 0.006822 seconds
  Import took 0.045351 seconds .

========================================================================
Received Import Request.
  Time since last request: 0.177509 seconds.
  path: Assets/XR/XRGeneralSettings.asset
  artifactKey: Guid(0221358cbe6b9fb4f9a3d92029975086) Importer(815301076,1909f56bfc062723c751e8b465ee728b)
Start importing Assets/XR/XRGeneralSettings.asset using Guid(0221358cbe6b9fb4f9a3d92029975086) Importer(815301076,1909f56bfc062723c751e8b465ee728b)  -> (artifact id: 'd73d82bc6adbcf8bb9b8708a7f441687') in 0.018765 seconds
  Import took 0.032943 seconds .

========================================================================
Received Prepare
Refreshing native plugins compatible for Editor in 0.97 ms, found 0 plugins.
Preloading 0 native plugins for Editor in 0.00 ms.
Unloading 4 Unused Serialized files (Serialized files now loaded: 0)
System memory in use before: 38.0 MB.
System memory in use after: 38.1 MB.

Unloading 3 unused Assets to reduce memory usage. Loaded Objects now: 1887.
Total: 2.184000 ms (FindLiveObjects: 0.156600 ms CreateObjectMapping: 0.048300 ms MarkObjects: 1.914900 ms  DeleteObjects: 0.062200 ms)

========================================================================
Received Import Request.
  Time since last request: 102.674079 seconds.
  path: Assets/Prefabs/ReferenceImageLibrary.asset
  artifactKey: Guid(93b423ef27d9e6e4eac3b53415f68f2b) Importer(815301076,1909f56bfc062723c751e8b465ee728b)
Start importing Assets/Prefabs/ReferenceImageLibrary.asset using Guid(93b423ef27d9e6e4eac3b53415f68f2b) Importer(815301076,1909f56bfc062723c751e8b465ee728b)  -> (artifact id: '6ae68599c986c31bbc2953c6642bd81a') in 0.052689 seconds
  Import took 0.067275 seconds .

========================================================================
Received Import Request.
  Time since last request: 1.676820 seconds.
  path: Assets/Prefabs/ReferenceImageLibrary.asset
  artifactKey: Guid(93b423ef27d9e6e4eac3b53415f68f2b) Importer(815301076,1909f56bfc062723c751e8b465ee728b)
Start importing Assets/Prefabs/ReferenceImageLibrary.asset using Guid(93b423ef27d9e6e4eac3b53415f68f2b) Importer(815301076,1909f56bfc062723c751e8b465ee728b)  -> (artifact id: '6ae68599c986c31bbc2953c6642bd81a') in 0.054018 seconds
  Import took 0.057404 seconds .

========================================================================
Received Import Request.
  Time since last request: 877.400419 seconds.
  path: Assets/Prefabs/model0.prefab
  artifactKey: Guid(4936279bd2d872e4aa0803ec4de08ac5) Importer(815301076,1909f56bfc062723c751e8b465ee728b)
Start importing Assets/Prefabs/model0.prefab using Guid(4936279bd2d872e4aa0803ec4de08ac5) Importer(815301076,1909f56bfc062723c751e8b465ee728b)  -> (artifact id: '00cbd962c4d8d2751e2520906c188608') in 0.076748 seconds
  Import took 0.083293 seconds .

========================================================================
Received Import Request.
  Time since last request: 7.025650 seconds.
  path: Assets/Prefabs/marker0.prefab
  artifactKey: Guid(4936279bd2d872e4aa0803ec4de08ac5) Importer(815301076,1909f56bfc062723c751e8b465ee728b)
Start importing Assets/Prefabs/marker0.prefab using Guid(4936279bd2d872e4aa0803ec4de08ac5) Importer(815301076,1909f56bfc062723c751e8b465ee728b)  -> (artifact id: '1eeb620bddf6ea8a15c8fca49768df42') in 0.012746 seconds
  Import took 0.038513 seconds .

========================================================================
Received Import Request.
  Time since last request: 15.026251 seconds.
  path: Assets/Prefabs/Sphere.prefab
  artifactKey: Guid(04bbcf8fd0273c94498b62533c5bb07b) Importer(815301076,1909f56bfc062723c751e8b465ee728b)
Start importing Assets/Prefabs/Sphere.prefab using Guid(04bbcf8fd0273c94498b62533c5bb07b) Importer(815301076,1909f56bfc062723c751e8b465ee728b)  -> (artifact id: '76ddc067ac4158bea69a7b06005366ec') in 0.017308 seconds
  Import took 0.031110 seconds .

========================================================================
Received Import Request.
  Time since last request: 0.025416 seconds.
  path: Assets/Prefabs/Sphere.prefab
  artifactKey: Guid(04bbcf8fd0273c94498b62533c5bb07b) Importer(815301076,1909f56bfc062723c751e8b465ee728b)
Start importing Assets/Prefabs/Sphere.prefab using Guid(04bbcf8fd0273c94498b62533c5bb07b) Importer(815301076,1909f56bfc062723c751e8b465ee728b)  -> (artifact id: '76ddc067ac4158bea69a7b06005366ec') in 0.013034 seconds
  Import took 0.016215 seconds .

========================================================================
Received Import Request.
  Time since last request: 6.267093 seconds.
  path: Assets/Prefabs/marker1.prefab
  artifactKey: Guid(04bbcf8fd0273c94498b62533c5bb07b) Importer(815301076,1909f56bfc062723c751e8b465ee728b)
Start importing Assets/Prefabs/marker1.prefab using Guid(04bbcf8fd0273c94498b62533c5bb07b) Importer(815301076,1909f56bfc062723c751e8b465ee728b)  -> (artifact id: 'b7eb40766bebeeba2ea4fa59df295739') in 0.013758 seconds
  Import took 0.028969 seconds .

========================================================================
Received Prepare
Registering precompiled user dll's ...
Registered in 0.000898 seconds.
Begin MonoManager ReloadAssembly
Native extension for WindowsStandalone target not found
Refreshing native plugins compatible for Editor in 0.39 ms, found 0 plugins.
Preloading 0 native plugins for Editor in 0.00 ms.
Invoked RoslynAnalysisRunner static constructor.
RoslynAnalysisRunner will not be running.
RoslynAnalysisRunner has terminated.
Mono: successfully reloaded assembly
- Completed reload, in  1.229 seconds
Platform modules already initialized, skipping
Switching build target platform(5) subTarget(0) extendedPlatform(0) -> platform(13) subTarget(589824) extendedPlatform(0)
Refreshing native plugins compatible for Editor in 0.33 ms, found 0 plugins.
Preloading 0 native plugins for Editor in 0.00 ms.
Unloading 1435 Unused Serialized files (Serialized files now loaded: 0)
System memory in use before: 69.5 MB.
System memory in use after: 69.6 MB.

Unloading 7 unused Assets to reduce memory usage. Loaded Objects now: 1900.
Total: 2.524900 ms (FindLiveObjects: 0.251700 ms CreateObjectMapping: 0.109400 ms MarkObjects: 2.062600 ms  DeleteObjects: 0.100000 ms)

AssetImportParameters requested are different than current active one (requested -> active):
  custom:graphics/normal-map-encoding: 01000000000000000000000000000000 -> 02000000000000000000000000000000
========================================================================
Received Import Request.
  Time since last request: 124.415434 seconds.
  path: Assets/Scripts/ImageTracking.cs
  artifactKey: Guid(25ae19d61d7a207449093329edda7809) Importer(815301076,1909f56bfc062723c751e8b465ee728b)
Start importing Assets/Scripts/ImageTracking.cs using Guid(25ae19d61d7a207449093329edda7809) Importer(815301076,1909f56bfc062723c751e8b465ee728b)  -> (artifact id: 'ac1976e1085608f62466fed3a3dbe162') in 0.020789 seconds
  Import took 0.074316 seconds .

========================================================================
Received Prepare
Refreshing native plugins compatible for Editor in 0.82 ms, found 0 plugins.
Preloading 0 native plugins for Editor in 0.00 ms.
Unloading 3 Unused Serialized files (Serialized files now loaded: 0)
System memory in use before: 41.1 MB.
System memory in use after: 41.2 MB.

Unloading 3 unused Assets to reduce memory usage. Loaded Objects now: 1900.
Total: 2.706400 ms (FindLiveObjects: 0.326200 ms CreateObjectMapping: 0.098300 ms MarkObjects: 2.186500 ms  DeleteObjects: 0.093900 ms)

========================================================================
Received Import Request.
  Time since last request: 8266.555133 seconds.
  path: Assets/Scenes/AR_app.unity
  artifactKey: Guid(1b1f104e0117f3c45ab05e4fe276f594) Importer(815301076,1909f56bfc062723c751e8b465ee728b)
Start importing Assets/Scenes/AR_app.unity using Guid(1b1f104e0117f3c45ab05e4fe276f594) Importer(815301076,1909f56bfc062723c751e8b465ee728b)  -> (artifact id: '4d9d878eb94a55ea169ce4197578553d') in 0.091134 seconds
  Import took 0.185615 seconds .

========================================================================
Received Import Request.
  Time since last request: 8497.378565 seconds.
  path: Assets/UI/Images/logo/icon3NoBG.png
  artifactKey: Guid(9c0260460040ba64488b3603568851e4) Importer(815301076,1909f56bfc062723c751e8b465ee728b)
Start importing Assets/UI/Images/logo/icon3NoBG.png using Guid(9c0260460040ba64488b3603568851e4) Importer(815301076,1909f56bfc062723c751e8b465ee728b)  -> (artifact id: 'a7d2662341424504ab6d6d7092d55205') in 0.230552 seconds
  Import took 0.275548 seconds .

========================================================================
Received Import Request.
  Time since last request: 0.000318 seconds.
  path: Assets/UI/Images/logo/Icon3w.png
  artifactKey: Guid(67697d2910b202b43be3c57d9d16e7a2) Importer(815301076,1909f56bfc062723c751e8b465ee728b)
Start importing Assets/UI/Images/logo/Icon3w.png using Guid(67697d2910b202b43be3c57d9d16e7a2) Importer(815301076,1909f56bfc062723c751e8b465ee728b)  -> (artifact id: '8a102223720d11d0580a8e77c6a47c59') in 0.117034 seconds
  Import took 0.133622 seconds .

========================================================================
Received Import Request.
  Time since last request: 15.626789 seconds.
  path: Assets/UI/Images/logo
  artifactKey: Guid(e17001cef7275034185d69400d8dc920) Importer(815301076,1909f56bfc062723c751e8b465ee728b)
Start importing Assets/UI/Images/logo using Guid(e17001cef7275034185d69400d8dc920) Importer(815301076,1909f56bfc062723c751e8b465ee728b)  -> (artifact id: '2314780fec20908267ae8ed1b41bc8a1') in 0.006643 seconds
  Import took 0.044365 seconds .

========================================================================
Received Import Request.
  Time since last request: 23.177967 seconds.
  path: Assets/UI/Images/logo/icon3NoBG.png
  artifactKey: Guid(9c0260460040ba64488b3603568851e4) Importer(815301076,1909f56bfc062723c751e8b465ee728b)
Start importing Assets/UI/Images/logo/icon3NoBG.png using Guid(9c0260460040ba64488b3603568851e4) Importer(815301076,1909f56bfc062723c751e8b465ee728b)  -> (artifact id: 'd4656b10b3bee6512b3e8f94b5dd0347') in 0.081993 seconds
  Import took 0.092251 seconds .

========================================================================
Received Prepare
Refreshing native plugins compatible for Editor in 1.63 ms, found 0 plugins.
Preloading 0 native plugins for Editor in 0.00 ms.
Unloading 3 Unused Serialized files (Serialized files now loaded: 0)
System memory in use before: 41.2 MB.
System memory in use after: 41.3 MB.

Unloading 3 unused Assets to reduce memory usage. Loaded Objects now: 1904.
Total: 16.871400 ms (FindLiveObjects: 0.153100 ms CreateObjectMapping: 0.046700 ms MarkObjects: 16.611000 ms  DeleteObjects: 0.059100 ms)

AssetImportWorkerClient::OnTransportError - code=2 error=End of file
